                                     | Core 0    
  Instructions                       |    8042558
  Cycles                             |   12969800
  IPC                                |       0.62
  Time (ns)                          |    6484900
  Idle time (ns)                     |        116
  Idle time (%)                      |       0.0%
Branch predictor stats               |           
  num correct                        |    1018520
  num incorrect                      |      12626
  misprediction rate                 |      1.22%
  mpki                               |       1.57
TLB Summary                          |           
  I-TLB                              |           
    num accesses                     |    1545085
    num misses                       |         83
    miss rate                        |      0.01%
    mpki                             |       0.01
  D-TLB                              |           
    num accesses                     |    1312058
    num misses                       |        102
    miss rate                        |      0.01%
    mpki                             |       0.01
  L2 TLB                             |           
    num accesses                     |        185
    num misses                       |        169
    miss rate                        |     91.35%
    mpki                             |       0.02
Cache Summary                        |           
  Cache L1-I                         |           
    num cache accesses               |    1545085
    num cache misses                 |     872598
    miss rate                        |     56.48%
    mpki                             |     108.50
  Cache L1-D                         |           
    num cache accesses               |    1312058
    num cache misses                 |     112099
    miss rate                        |      8.54%
    mpki                             |      13.94
  Cache L2                           |           
    num cache accesses               |     984818
    num cache misses                 |      11846
    miss rate                        |      1.20%
    mpki                             |       1.47
DRAM summary                         |           
  num dram accesses                  |      13725
  average dram access latency (ns)   |     205.47
  average dram queueing delay        |       1.25
  average dram bandwidth utilization |      0.00%
Coherency Traffic                    |           
  num loads from dram                |       6412
  num loads from dram cache          |          0
  num loads from remote cache        |          0
